<?xml version="1.0" encoding="UTF-8"?>
<!-- Generated by org.testng.reporters.JUnitReportReporter -->
<testsuite hostname="SWWAPNILL" failures="0" tests="7" name="testCases.TC003_LoginDDT" time="66.140" errors="0" timestamp="2025-06-20T18:50:45 IST" skipped="0">
  <testcase classname="testCases.TC003_LoginDDT" name="verify_loginDDT" time="11.906"/>
  <testcase classname="testCases.TC003_LoginDDT" name="verify_loginDDT" time="3.181"/>
  <testcase classname="testCases.TC003_LoginDDT" name="verify_loginDDT" time="11.719"/>
  <testcase classname="testCases.TC003_LoginDDT" name="verify_loginDDT" time="12.159"/>
  <testcase classname="testCases.TC003_LoginDDT" name="verify_loginDDT" time="3.254"/>
  <testcase classname="testCases.TC003_LoginDDT" name="verify_loginDDT" time="11.986"/>
  <testcase classname="testCases.TC003_LoginDDT" name="verify_loginDDT" time="11.935"/>
</testsuite> <!-- testCases.TC003_LoginDDT -->
