<?xml version="1.0" encoding="UTF-8"?>
<!-- Generated by org.testng.reporters.JUnitReportReporter -->
<testsuite hostname="SWWAPNILL" failures="0" tests="2" name="testCases.TC002_LoginTest" time="10.295" errors="0" timestamp="2025-06-25T18:51:56 IST" skipped="0">
  <testcase classname="testCases.TC002_LoginTest" name="verify_login" time="5.625"/>
  <testcase classname="testCases.TC002_LoginTest" name="verify_login" time="4.670"/>
</testsuite> <!-- testCases.TC002_LoginTest -->
