<?xml version="1.0" encoding="UTF-8"?>
<!-- Generated by org.testng.reporters.JUnitReportReporter -->
<testsuite hostname="SWWAPNILL" failures="0" tests="1" name="testCases.TC002_LoginTest" time="5.893" errors="0" timestamp="2025-06-30T17:50:19 IST" skipped="0">
  <testcase classname="testCases.TC002_LoginTest" name="verify_login" time="5.893"/>
</testsuite> <!-- testCases.TC002_LoginTest -->
