<?xml version="1.0" encoding="UTF-8"?>
<!-- Generated by org.testng.reporters.JUnitReportReporter -->
<testsuite hostname="SWWAPNILL" failures="0" tests="1" name="testCases.TC001_AccountResgistrationTest" time="3.659" errors="0" timestamp="2025-06-30T17:50:19 IST" skipped="0">
  <testcase classname="testCases.TC001_AccountResgistrationTest" name="verify_account_registration" time="3.659"/>
</testsuite> <!-- testCases.TC001_AccountResgistrationTest -->
